# JRE version: OpenJDK Runtime Environment (8.0_242-b01) (build 1.8.0_242-release-1644-b01)
# Java VM: OpenJDK 64-Bit Server VM (25.242-b01 mixed mode windows-amd64 compressed oops)
Heap:
 PSYoungGen      total 475648K, used 109902K [0x00000000d5580000, 0x00000000f9380000, 0x0000000100000000)
  eden space 445440K, 20% used [0x00000000d5580000,0x00000000dacb1cf8,0x00000000f0880000)
  from space 30208K, 68% used [0x00000000f0880000,0x00000000f1ca1e40,0x00000000f2600000)
  to   space 31232K, 0% used [0x00000000f7500000,0x00000000f7500000,0x00000000f9380000)
 ParOldGen       total 171520K, used 84419K [0x0000000080000000, 0x000000008a780000, 0x00000000d5580000)
  object space 171520K, 49% used [0x0000000080000000,0x0000000085270ea0,0x000000008a780000)
 Metaspace       used 86361K, capacity 90850K, committed 91096K, reserved 1128448K
  class space    used 11608K, capacity 12420K, committed 12544K, reserved 1048576K
GC Heap History (10 events):
Event: 54.060 GC heap before
{Heap before GC invocations=17 (full 3):
 PSYoungGen      total 326656K, used 326646K [0x00000000d5580000, 0x00000000ef700000, 0x0000000100000000)
  eden space 299520K, 100% used [0x00000000d5580000,0x00000000e7a00000,0x00000000e7a00000)
  from space 27136K, 99% used [0x00000000e7a00000,0x00000000e947d850,0x00000000e9480000)
  to   space 32768K, 0% used [0x00000000ed700000,0x00000000ed700000,0x00000000ef700000)
 ParOldGen       total 93696K, used 58666K [0x0000000080000000, 0x0000000085b80000, 0x00000000d5580000)
  object space 93696K, 62% used [0x0000000080000000,0x000000008394a940,0x0000000085b80000)
 Metaspace       used 85205K, capacity 89808K, committed 89944K, reserved 1126400K
  class space    used 11526K, capacity 12385K, committed 12416K, reserved 1048576K
Event: 54.194 GC heap after
Heap after GC invocations=17 (full 3):
 PSYoungGen      total 393728K, used 20562K [0x00000000d5580000, 0x00000000efa00000, 0x0000000100000000)
  eden space 360960K, 0% used [0x00000000d5580000,0x00000000d5580000,0x00000000eb600000)
  from space 32768K, 62% used [0x00000000ed700000,0x00000000eeb14a60,0x00000000ef700000)
  to   space 33792K, 0% used [0x00000000eb600000,0x00000000eb600000,0x00000000ed700000)
 ParOldGen       total 93696K, used 84051K [0x0000000080000000, 0x0000000085b80000, 0x00000000d5580000)
  object space 93696K, 89% used [0x0000000080000000,0x0000000085214d30,0x0000000085b80000)
 Metaspace       used 85205K, capacity 89808K, committed 89944K, reserved 1126400K
  class space    used 11526K, capacity 12385K, committed 12416K, reserved 1048576K
}
Event: 54.194 GC heap before
{Heap before GC invocations=18 (full 4):
 PSYoungGen      total 393728K, used 20562K [0x00000000d5580000, 0x00000000efa00000, 0x0000000100000000)
  eden space 360960K, 0% used [0x00000000d5580000,0x00000000d5580000,0x00000000eb600000)
  from space 32768K, 62% used [0x00000000ed700000,0x00000000eeb14a60,0x00000000ef700000)
  to   space 33792K, 0% used [0x00000000eb600000,0x00000000eb600000,0x00000000ed700000)
 ParOldGen       total 93696K, used 84051K [0x0000000080000000, 0x0000000085b80000, 0x00000000d5580000)
  object space 93696K, 89% used [0x0000000080000000,0x0000000085214d30,0x0000000085b80000)
 Metaspace       used 85205K, capacity 89808K, committed 89944K, reserved 1126400K
  class space    used 11526K, capacity 12385K, committed 12416K, reserved 1048576K
Event: 54.722 GC heap after
Heap after GC invocations=18 (full 4):
 PSYoungGen      total 393728K, used 0K [0x00000000d5580000, 0x00000000efa00000, 0x0000000100000000)
  eden space 360960K, 0% used [0x00000000d5580000,0x00000000d5580000,0x00000000eb600000)
  from space 32768K, 0% used [0x00000000ed700000,0x00000000ed700000,0x00000000ef700000)
  to   space 33792K, 0% used [0x00000000eb600000,0x00000000eb600000,0x00000000ed700000)
 ParOldGen       total 171520K, used 84403K [0x0000000080000000, 0x000000008a780000, 0x00000000d5580000)
  object space 171520K, 49% used [0x0000000080000000,0x000000008526cea0,0x000000008a780000)
 Metaspace       used 84926K, capacity 89106K, committed 89944K, reserved 1126400K
  class space    used 11429K, capacity 12212K, committed 12416K, reserved 1048576K
}
Event: 57.860 GC heap before
{Heap before GC invocations=19 (full 4):
 PSYoungGen      total 393728K, used 360960K [0x00000000d5580000, 0x00000000efa00000, 0x0000000100000000)
  eden space 360960K, 100% used [0x00000000d5580000,0x00000000eb600000,0x00000000eb600000)
  from space 32768K, 0% used [0x00000000ed700000,0x00000000ed700000,0x00000000ef700000)
  to   space 33792K, 0% used [0x00000000eb600000,0x00000000eb600000,0x00000000ed700000)
 ParOldGen       total 171520K, used 84403K [0x0000000080000000, 0x000000008a780000, 0x00000000d5580000)
  object space 171520K, 49% used [0x0000000080000000,0x000000008526cea0,0x000000008a780000)
 Metaspace       used 86105K, capacity 90618K, committed 90840K, reserved 1128448K
  class space    used 11602K, capacity 12416K, committed 12544K, reserved 1048576K
Event: 57.923 GC heap after
Heap after GC invocations=19 (full 4):
 PSYoungGen      total 394752K, used 14403K [0x00000000d5580000, 0x00000000f4500000, 0x0000000100000000)
  eden space 360960K, 0% used [0x00000000d5580000,0x00000000d5580000,0x00000000eb600000)
  from space 33792K, 42% used [0x00000000eb600000,0x00000000ec410f80,0x00000000ed700000)
  to   space 31744K, 0% used [0x00000000f2600000,0x00000000f2600000,0x00000000f4500000)
 ParOldGen       total 171520K, used 84403K [0x0000000080000000, 0x000000008a780000, 0x00000000d5580000)
  object space 171520K, 49% used [0x0000000080000000,0x000000008526cea0,0x000000008a780000)
 Metaspace       used 86105K, capacity 90618K, committed 90840K, reserved 1128448K
  class space    used 11602K, capacity 12416K, committed 12544K, reserved 1048576K
}
Event: 60.495 GC heap before
{Heap before GC invocations=20 (full 4):
 PSYoungGen      total 394752K, used 375363K [0x00000000d5580000, 0x00000000f4500000, 0x0000000100000000)
  eden space 360960K, 100% used [0x00000000d5580000,0x00000000eb600000,0x00000000eb600000)
  from space 33792K, 42% used [0x00000000eb600000,0x00000000ec410f80,0x00000000ed700000)
  to   space 31744K, 0% used [0x00000000f2600000,0x00000000f2600000,0x00000000f4500000)
 ParOldGen       total 171520K, used 84403K [0x0000000080000000, 0x000000008a780000, 0x00000000d5580000)
  object space 171520K, 49% used [0x0000000080000000,0x000000008526cea0,0x000000008a780000)
 Metaspace       used 86254K, capacity 90782K, committed 91096K, reserved 1128448K
  class space    used 11604K, capacity 12420K, committed 12544K, reserved 1048576K
Event: 60.551 GC heap after
Heap after GC invocations=20 (full 4):
 PSYoungGen      total 476160K, used 13799K [0x00000000d5580000, 0x00000000f4400000, 0x0000000100000000)
  eden space 445440K, 0% used [0x00000000d5580000,0x00000000d5580000,0x00000000f0880000)
  from space 30720K, 44% used [0x00000000f2600000,0x00000000f3379dc8,0x00000000f4400000)
  to   space 30208K, 0% used [0x00000000f0880000,0x00000000f0880000,0x00000000f2600000)
 ParOldGen       total 171520K, used 84411K [0x0000000080000000, 0x000000008a780000, 0x00000000d5580000)
  object space 171520K, 49% used [0x0000000080000000,0x000000008526eea0,0x000000008a780000)
 Metaspace       used 86254K, capacity 90782K, committed 91096K, reserved 1128448K
  class space    used 11604K, capacity 12420K, committed 12544K, reserved 1048576K
}
Event: 63.488 GC heap before
{Heap before GC invocations=21 (full 4):
 PSYoungGen      total 476160K, used 459239K [0x00000000d5580000, 0x00000000f4400000, 0x0000000100000000)
  eden space 445440K, 100% used [0x00000000d5580000,0x00000000f0880000,0x00000000f0880000)
  from space 30720K, 44% used [0x00000000f2600000,0x00000000f3379dc8,0x00000000f4400000)
  to   space 30208K, 0% used [0x00000000f0880000,0x00000000f0880000,0x00000000f2600000)
 ParOldGen       total 171520K, used 84411K [0x0000000080000000, 0x000000008a780000, 0x00000000d5580000)
  object space 171520K, 49% used [0x0000000080000000,0x000000008526eea0,0x000000008a780000)
 Metaspace       used 86356K, capacity 90850K, committed 91096K, reserved 1128448K
  class space    used 11608K, capacity 12420K, committed 12544K, reserved 1048576K
Event: 63.608 GC heap after
Heap after GC invocations=21 (full 4):
 PSYoungGen      total 475648K, used 20615K [0x00000000d5580000, 0x00000000f9380000, 0x0000000100000000)
  eden space 445440K, 0% used [0x00000000d5580000,0x00000000d5580000,0x00000000f0880000)
  from space 30208K, 68% used [0x00000000f0880000,0x00000000f1ca1e40,0x00000000f2600000)
  to   space 31232K, 0% used [0x00000000f7500000,0x00000000f7500000,0x00000000f9380000)
 ParOldGen       total 171520K, used 84419K [0x0000000080000000, 0x000000008a780000, 0x00000000d5580000)
  object space 171520K, 49% used [0x0000000080000000,0x0000000085270ea0,0x000000008a780000)
 Metaspace       used 86356K, capacity 90850K, committed 91096K, reserved 1128448K
  class space    used 11608K, capacity 12420K, committed 12544K, reserved 1048576K
}

